<?xml version="1.0" encoding="UTF-8"?>
<!-- Generated by org.testng.reporters.JUnitXMLReporter -->
<testsuite ignored="0" hostname="DESKTOP-FK0DLIO" failures="1" tests="1" name="Test" time="11.506" errors="0" timestamp="2024-05-02T14:40:43 IST">
  <testcase classname="com.test.LoginPageTest" name="loginTest" time="7.331">
    <failure type="java.lang.AssertionError" message="expected [https://www.facebook.com/] but found [https://www.facebook.com/checkpoint/?next]">
      <![CDATA[java.lang.AssertionError: expected [https://www.facebook.com/] but found [https://www.facebook.com/checkpoint/?next]
at com.test.LoginPageTest.loginTest(LoginPageTest.java:51)
at java.base/java.util.ArrayList.forEach(ArrayList.java:1511)
... Removed 33 stack frames]]>
    </failure>
  </testcase> <!-- loginTest -->
</testsuite> <!-- Test -->
